Flutter crash report.
Please report a bug at https://github.com/flutter/flutter/issues.

## command

flutter run

## exception

RPCError: ext.flutter.debugDumpRenderTree: (-32603) Unexpected DWDS error for callServiceExtension: Unexpected error from chrome devtools:
text: Uncaught (in promise)
exception:
  preview: null
  description: null
  type: string
  value: Unexpected null value.
attempted JS eval: `require("dart_sdk").developer.invokeExtension(
    "ext.flutter.debugDumpRenderTree", JSON.stringify({}));
`


```
#0      new _OutstandingRequest (package:vm_service/src/vm_service.dart:265:34)
#1      VmService._call.<anonymous closure> (package:vm_service/src/vm_service.dart:1771:25)
#2      VmService._call (package:vm_service/src/vm_service.dart:1783:8)
#3      VmService.callServiceExtension (package:vm_service/src/vm_service.dart:1733:14)
#4      FlutterVmService._checkedCallServiceExtension (package:flutter_tools/src/vmservice.dart:868:28)
#5      FlutterVmService.invokeFlutterExtensionRpcRaw (package:flutter_tools/src/vmservice.dart:887:49)
#6      FlutterVmService.flutterDebugDumpRenderTree (package:flutter_tools/src/vmservice.dart:624:50)
#7      ResidentHandlers.debugDumpRenderTree (package:flutter_tools/src/resident_runner.dart:693:53)
<asynchronous suspension>
#8      TerminalHandler.processTerminalInput (package:flutter_tools/src/resident_runner.dart:1826:7)
<asynchronous suspension>
```

## flutter doctor

```
[32m[✓][39m Flutter (Channel beta, 3.20.0-1.2.pre, on Microsoft Windows
    [Version 10.0.19045.4412], locale en-US)
    [32m•[39m Flutter version 3.20.0-1.2.pre on channel beta at
      C:\Users\WINDOWS
      10\Downloads\flutter_windows_3.19.1-stable\flutter
    [32m•[39m Upstream repository
      https://github.com/flutter/flutter.git
    [32m•[39m Framework revision 1751123cde (4 months ago), 2024-02-21
      22:06:22 -0800
    [32m•[39m Engine revision 299e852cb9
    [32m•[39m Dart version 3.4.0 (build 3.4.0-99.1.beta)
    [32m•[39m DevTools version 2.31.0

[32m[✓][39m Windows Version (Installed version of Windows is version 10
    or higher)

[32m[✓][39m Android toolchain - develop for Android devices (Android
    SDK version 34.0.0)
    [32m•[39m Android SDK at C:\Users\WINDOWS
      10\AppData\Local\Android\sdk
    [32m•[39m Platform android-34, build-tools 34.0.0
    [32m•[39m Java binary at: C:\Program Files\Android\Android
      Studio\jbr\bin\java
    [32m•[39m Java version OpenJDK Runtime Environment (build
      17.0.7+0-b2043.56-10550314)
    [32m•[39m All Android licenses accepted.

[32m[✓][39m Chrome - develop for the web
    [32m•[39m Chrome at C:\Program Files
      (x86)\Google\Chrome\Application\chrome.exe

[33m[!][39m Visual Studio - develop Windows apps (Visual Studio
    Community 2022 17.7.5)
    [32m•[39m Visual Studio at C:\Program Files\Microsoft Visual
      Studio\2022\Community
    [32m•[39m Visual Studio Community 2022 version 17.7.34202.233
    [31m✗[39m Visual Studio is missing necessary components. Please
      re-run the Visual Studio installer for the "Desktop
      development with C++" workload, and include these
      components:
        MSVC v142 - VS 2019 C++ x64/x86 build tools
         - If there are multiple build tool versions available,
         install the latest
        C++ CMake tools for Windows
        Windows 10 SDK

[32m[✓][39m Android Studio (version 2023.1)
    [32m•[39m Android Studio at C:\Program Files\Android\Android Studio
    [32m•[39m Flutter plugin can be installed from:
      🔨 https://plugins.jetbrains.com/plugin/9212-flutter
    [32m•[39m Dart plugin can be installed from:
      🔨 https://plugins.jetbrains.com/plugin/6351-dart
    [32m•[39m Java version OpenJDK Runtime Environment (build
      17.0.7+0-b2043.56-10550314)

[32m[✓][39m VS Code (version 1.90.2)
    [32m•[39m VS Code at C:\Users\WINDOWS
      10\AppData\Local\Programs\Microsoft VS Code
    [32m•[39m Flutter extension version 3.90.0

[32m[✓][39m Connected device (3 available)
    [32m•[39m Windows (desktop) • windows • windows-x64    • Microsoft
      Windows [Version 10.0.19045.4412]
    [32m•[39m Chrome (web)      • chrome  • web-javascript • Google
      Chrome 126.0.6478.114
    [32m•[39m Edge (web)        • edge    • web-javascript • Microsoft
      Edge 126.0.2592.56

[33m[!][39m Network resources
    [31m✗[39m A network error occurred while checking
      "https://pub.dev/": Failed host lookup: 'pub.dev'
    [31m✗[39m A network error occurred while checking
      "https://storage.googleapis.com/": Failed host lookup:
      'storage.googleapis.com'
    [31m✗[39m A network error occurred while checking
      "https://maven.google.com/": Failed host lookup:
      'maven.google.com'
    [31m✗[39m A network error occurred while checking
      "https://cocoapods.org/": Failed host lookup:
      'cocoapods.org'
    [31m✗[39m A network error occurred while checking
      "https://github.com/": Failed host lookup: 'github.com'

[33m![39m Doctor found issues in 2 categories.
```
